TN:
SF:/Users/VINO/Documents/vue-pony-game/src/App.vue
FN:50,(anonymous_1)
FN:71,(anonymous_2)
FN:107,(anonymous_3)
FN:112,(anonymous_4)
FN:113,(anonymous_5)
FN:129,(anonymous_7)
FN:132,(anonymous_8)
FN:137,(anonymous_9)
FN:150,(anonymous_11)
FN:154,(anonymous_12)
FN:184,(anonymous_13)
FN:195,(anonymous_14)
FN:199,(anonymous_15)
FN:220,(anonymous_17)
FN:227,(anonymous_18)
FN:254,(anonymous_19)
FN:267,(anonymous_20)
FN:278,(anonymous_21)
FN:284,(anonymous_22)
FN:288,(anonymous_23)
FN:306,(anonymous_24)
FNF:21
FNH:3
FNDA:1,(anonymous_1)
FNDA:1,(anonymous_2)
FNDA:1,(anonymous_3)
FNDA:0,(anonymous_4)
FNDA:0,(anonymous_5)
FNDA:0,(anonymous_7)
FNDA:0,(anonymous_8)
FNDA:0,(anonymous_9)
FNDA:0,(anonymous_11)
FNDA:0,(anonymous_12)
FNDA:0,(anonymous_13)
FNDA:0,(anonymous_14)
FNDA:0,(anonymous_15)
FNDA:0,(anonymous_17)
FNDA:0,(anonymous_18)
FNDA:0,(anonymous_19)
FNDA:0,(anonymous_20)
FNDA:0,(anonymous_21)
FNDA:0,(anonymous_22)
FNDA:0,(anonymous_23)
FNDA:0,(anonymous_24)
DA:21,1
DA:23,1
DA:30,1
DA:32,1
DA:38,1
DA:51,1
DA:72,1
DA:74,1
DA:75,1
DA:77,1
DA:78,0
DA:79,0
DA:80,0
DA:82,0
DA:83,0
DA:84,0
DA:85,0
DA:86,0
DA:87,0
DA:88,0
DA:90,0
DA:91,0
DA:93,0
DA:94,0
DA:97,0
DA:98,0
DA:100,0
DA:102,1
DA:103,1
DA:108,1
DA:113,0
DA:124,0
DA:125,0
DA:126,0
DA:127,0
DA:128,0
DA:129,0
DA:133,0
DA:134,0
DA:137,0
DA:140,0
DA:141,0
DA:142,0
DA:143,0
DA:144,0
DA:145,0
DA:146,0
DA:151,0
DA:155,0
DA:157,0
DA:158,0
DA:159,0
DA:160,0
DA:163,0
DA:164,0
DA:168,0
DA:169,0
DA:170,0
DA:172,0
DA:173,0
DA:174,0
DA:176,0
DA:177,0
DA:178,0
DA:185,0
DA:186,0
DA:189,0
DA:190,0
DA:192,0
DA:193,0
DA:195,0
DA:199,0
DA:207,0
DA:208,0
DA:209,0
DA:210,0
DA:211,0
DA:215,0
DA:221,0
DA:222,0
DA:223,0
DA:228,0
DA:229,0
DA:231,0
DA:232,0
DA:235,0
DA:236,0
DA:239,0
DA:240,0
DA:243,0
DA:244,0
DA:247,0
DA:248,0
DA:251,0
DA:255,0
DA:256,0
DA:258,0
DA:260,0
DA:261,0
DA:264,0
DA:268,0
DA:269,0
DA:271,0
DA:272,0
DA:273,0
DA:275,0
DA:279,0
DA:281,0
DA:285,0
DA:289,0
DA:291,0
DA:292,0
DA:295,0
DA:296,0
DA:298,0
DA:299,0
DA:300,0
DA:301,0
DA:303,0
DA:307,0
DA:309,0
DA:311,0
DA:313,0
DA:315,0
DA:317,0
DA:320,0
LF:126
LH:13
BRDA:84,0,0,0
BRDA:84,0,1,0
BRDA:85,1,0,0
BRDA:85,1,1,0
BRDA:86,2,0,0
BRDA:86,2,1,0
BRDA:87,3,0,0
BRDA:87,3,1,0
BRDA:90,4,0,0
BRDA:90,4,1,0
BRDA:93,5,0,0
BRDA:93,5,1,0
BRDA:133,6,0,0
BRDA:133,6,1,0
BRDA:157,7,0,0
BRDA:157,7,1,0
BRDA:158,8,0,0
BRDA:158,8,1,0
BRDA:158,9,0,0
BRDA:158,9,1,0
BRDA:169,10,0,0
BRDA:169,10,1,0
BRDA:169,11,0,0
BRDA:169,11,1,0
BRDA:172,12,0,0
BRDA:172,12,1,0
BRDA:184,13,0,0
BRDA:185,14,0,0
BRDA:185,14,1,0
BRDA:189,15,0,0
BRDA:189,15,1,0
BRDA:192,16,0,0
BRDA:192,16,1,0
BRDA:207,17,0,0
BRDA:207,17,1,0
BRDA:221,18,0,0
BRDA:221,18,1,0
BRDA:231,19,0,0
BRDA:231,19,1,0
BRDA:235,20,0,0
BRDA:235,20,1,0
BRDA:243,21,0,0
BRDA:243,21,1,0
BRDA:247,22,0,0
BRDA:247,22,1,0
BRDA:255,23,0,0
BRDA:255,23,1,0
BRDA:260,24,0,0
BRDA:260,24,1,0
BRDA:268,25,0,0
BRDA:268,25,1,0
BRDA:272,26,0,0
BRDA:272,26,1,0
BRDA:291,27,0,0
BRDA:291,27,1,0
BRDA:291,28,0,0
BRDA:291,28,1,0
BRDA:310,29,0,0
BRDA:310,29,1,0
BRDA:310,29,2,0
BRDA:310,29,3,0
BRDA:310,29,4,0
BRF:62
BRH:0
end_of_record
TN:
SF:/Users/VINO/Documents/vue-pony-game/src/components/Players.vue
FN:42,(anonymous_1)
FN:67,(anonymous_2)
FN:71,(anonymous_3)
FN:75,(anonymous_4)
FNF:4
FNH:4
FNDA:1,(anonymous_1)
FNDA:1,(anonymous_2)
FNDA:1,(anonymous_3)
FNDA:1,(anonymous_4)
DA:10,1
DA:43,1
DA:45,1
DA:46,3
DA:49,1
DA:50,1
DA:53,1
DA:54,0
DA:57,1
DA:58,1
DA:61,1
DA:62,0
DA:64,1
DA:68,1
DA:72,1
DA:76,1
DA:77,1
DA:80,1
DA:81,0
DA:84,1
DA:85,0
DA:88,1
DA:89,0
DA:92,1
DA:93,0
DA:96,1
DA:97,1
DA:99,1
LF:28
LH:22
BRDA:49,0,0,1
BRDA:49,0,1,0
BRDA:53,1,0,0
BRDA:53,1,1,1
BRDA:57,2,0,1
BRDA:57,2,1,0
BRDA:61,3,0,0
BRDA:61,3,1,1
BRDA:80,4,0,0
BRDA:80,4,1,1
BRDA:84,5,0,0
BRDA:84,5,1,1
BRDA:84,6,0,1
BRDA:84,6,1,1
BRDA:88,7,0,0
BRDA:88,7,1,1
BRDA:88,8,0,1
BRDA:88,8,1,1
BRDA:92,9,0,0
BRDA:92,9,1,1
BRDA:92,10,0,1
BRDA:92,10,1,0
BRF:22
BRH:13
end_of_record
TN:
SF:/Users/VINO/Documents/vue-pony-game/src/components/Wall.vue
FNF:0
FNH:0
DA:10,1
LF:1
LH:1
BRF:0
BRH:0
end_of_record
